<?xml version="1.0" encoding="UTF-8"?>
<testng-results ignored="0" total="1" passed="1" failed="0" skipped="0">
  <reporter-output>
  </reporter-output>
  <suite started-at="2021-02-28T05:52:01Z" name="Default suite" finished-at="2021-02-28T05:53:21Z" duration-ms="79476">
    <groups>
    </groups>
    <test started-at="2021-02-28T05:52:01Z" name="Default test" finished-at="2021-02-28T05:53:21Z" duration-ms="79476">
      <class name="com.testcase.TC1_SignPageValidation">
        <test-method is-config="true" signature="intialSetup()[pri:0, instance:com.testcase.TC1_SignPageValidation@7357a011]" started-at="2021-02-28T05:52:01Z" name="intialSetup" finished-at="2021-02-28T05:53:02Z" duration-ms="60596" status="PASS">
          <reporter-output>
          </reporter-output>
        </test-method> <!-- intialSetup -->
        <test-method signature="signPageDisplayed()[pri:0, instance:com.testcase.TC1_SignPageValidation@7357a011]" started-at="2021-02-28T05:53:02Z" name="signPageDisplayed" finished-at="2021-02-28T05:53:10Z" duration-ms="8489" status="PASS">
          <reporter-output>
          </reporter-output>
        </test-method> <!-- signPageDisplayed -->
        <test-method is-config="true" signature="testend()[pri:0, instance:com.testcase.TC1_SignPageValidation@7357a011]" started-at="2021-02-28T05:53:10Z" name="testend" finished-at="2021-02-28T05:53:21Z" duration-ms="10250" status="PASS">
          <reporter-output>
          </reporter-output>
        </test-method> <!-- testend -->
      </class> <!-- com.testcase.TC1_SignPageValidation -->
    </test> <!-- Default test -->
  </suite> <!-- Default suite -->
</testng-results>
