<?xml version="1.0" encoding="UTF-8"?>
<!-- Generated by org.testng.reporters.JUnitXMLReporter -->
<testsuite ignored="0" hostname="DESKTOP-1BCGUCT" failures="3" tests="3" name="Test" time="77.257" errors="0" timestamp="19 Mar 2021 05:27:09 GMT">
  <testcase classname="com.testcase.TC1_SignPageValidation" name="@AfterClass testend" time="2.214">
    <failure type="java.lang.NullPointerException">
      <![CDATA[java.lang.NullPointerException
at com.testcase.TC1_SignPageValidation.testend(TC1_SignPageValidation.java:54)
... Removed 26 stack frames]]>
    </failure>
  </testcase> <!-- @AfterClass testend -->
  <testcase classname="com.testcase.TC2_SignPageValidation" name="signPageDisplayed" time="4.212">
    <failure type="java.lang.NullPointerException">
      <![CDATA[java.lang.NullPointerException
at com.testcase.TC2_SignPageValidation.signPageDisplayed(TC2_SignPageValidation.java:40)
... Removed 25 stack frames]]>
    </failure>
  </testcase> <!-- signPageDisplayed -->
  <testcase classname="com.testcase.TC1_SignPageValidation" name="signPageDisplayed" time="3.857">
    <failure type="java.lang.NullPointerException">
      <![CDATA[java.lang.NullPointerException
at com.testcase.TC1_SignPageValidation.signPageDisplayed(TC1_SignPageValidation.java:39)
... Removed 25 stack frames]]>
    </failure>
  </testcase> <!-- signPageDisplayed -->
  <testcase classname="com.testcase.TC1_SignPageValidation" name="signPageDisplayed2" time="5.58">
    <failure type="java.lang.NullPointerException">
      <![CDATA[java.lang.NullPointerException
at com.testcase.TC1_SignPageValidation.signPageDisplayed2(TC1_SignPageValidation.java:48)
... Removed 25 stack frames]]>
    </failure>
  </testcase> <!-- signPageDisplayed2 -->
</testsuite> <!-- Test -->
